#
# There is insufficient memory for the Java Runtime Environment to continue.
# Native memory allocation (mmap) failed to map 65011712 bytes. Error detail: G1 virtual space
# Possible reasons:
#   The system is out of physical RAM or swap space
#   This process is running with CompressedOops enabled, and the Java Heap may be blocking the growth of the native heap
# Possible solutions:
#   Reduce memory load on the system
#   Increase physical memory or swap space
#   Check if swap backing store is full
#   Decrease Java heap size (-Xmx/-Xms)
#   Decrease number of Java threads
#   Decrease Java thread stack sizes (-Xss)
#   Set larger code cache with -XX:ReservedCodeCacheSize=
#   JVM is running with Unscaled Compressed Oops mode in which the Java heap is
#     placed in the first 4GB address space. The Java Heap base address is the
#     maximum limit for the native heap growth. Please use -XX:HeapBaseMinAddress
#     to set the Java Heap base and to place the Java Heap above 4GB virtual address.
# This output file may be truncated or incomplete.
#
#  Out of Memory Error (os_windows.cpp:3815), pid=16916, tid=1800
#
# JRE version:  (21.0.3) (build )
# Java VM: OpenJDK 64-Bit Server VM (21.0.3+-12282718-b509.11, mixed mode, sharing, tiered, compressed oops, compressed class ptrs, g1 gc, windows-amd64)
# No core dump will be written. Minidumps are not enabled by default on client versions of Windows
#

---------------  S U M M A R Y ------------

Command Line: org.jetbrains.kotlin.cli.jvm.K2JVMCompiler @C:\Users\vikas Shinde\AndroidStudioProjects\Milestone\app\build\20241024_6627343603334978963.compiler.options

Host: Intel(R) Core(TM) i7-10750H CPU @ 2.60GHz, 12 cores, 3G,  Windows 11 , 64 bit Build 22621 (10.0.22621.3958)
Time: Thu Oct 24 12:50:26 2024 Eastern Daylight Time elapsed time: 0.105368 seconds (0d 0h 0m 0s)

---------------  T H R E A D  ---------------

Current thread (0x000002147ce1f070):  JavaThread "Unknown thread" [_thread_in_vm, id=1800, stack(0x000000f41d400000,0x000000f41d500000) (1024K)]

Stack: [0x000000f41d400000,0x000000f41d500000]
Native frames: (J=compiled Java code, j=interpreted, Vv=VM code, C=native code)
V  [jvm.dll+0x6cafb9]
V  [jvm.dll+0x858523]
V  [jvm.dll+0x85aa7e]
V  [jvm.dll+0x85b163]
V  [jvm.dll+0x27d356]
V  [jvm.dll+0x6c7865]
V  [jvm.dll+0x6bbd3a]
V  [jvm.dll+0x35199b]
V  [jvm.dll+0x3595d6]
V  [jvm.dll+0x3aa826]
V  [jvm.dll+0x3aaaf8]
V  [jvm.dll+0x3240bc]
V  [jvm.dll+0x324dab]
V  [jvm.dll+0x81fd89]
V  [jvm.dll+0x3b7c08]
V  [jvm.dll+0x80921d]
V  [jvm.dll+0x44c05e]
V  [jvm.dll+0x44d6b1]
C  [jli.dll+0x52ab]
C  [ucrtbase.dll+0x29333]
C  [KERNEL32.DLL+0x1257d]
C  [ntdll.dll+0x5af08]


---------------  P R O C E S S  ---------------

Threads class SMR info:
_java_thread_list=0x00007ffe9e8957c8, length=0, elements={
}

Java Threads: ( => current thread )
Total: 0

Other Threads:
  0x000002147f125c10 WorkerThread "GC Thread#0"                     [id=16692, stack(0x000000f41d500000,0x000000f41d600000) (1024K)]
  0x000002147f12e5b0 ConcurrentGCThread "G1 Main Marker"            [id=2864, stack(0x000000f41d600000,0x000000f41d700000) (1024K)]
  0x000002147f1311e0 WorkerThread "G1 Conc#0"                       [id=12656, stack(0x000000f41d700000,0x000000f41d800000) (1024K)]

[error occurred during error reporting (printing all threads), id 0xc0000005, EXCEPTION_ACCESS_VIOLATION (0xc0000005) at pc=0x00007ffe9e097197]
VM state: not at safepoint (not fully initialized)

VM Mutex/Monitor currently owned by a thread:  ([mutex/lock_event])
[0x00007ffe9e9021c8] Heap_lock - owner thread: 0x000002147ce1f070

Heap address: 0x00000000c3200000, size: 974 MB, Compressed Oops mode: 32-bit

CDS archive(s) mapped at: [0x0000000000000000-0x0000000000000000-0x0000000000000000), size 0, SharedBaseAddress: 0x0000000800000000, ArchiveRelocationMode: 1.
Narrow klass base: 0x0000000000000000, Narrow klass shift: 0, Narrow klass range: 0x0

GC Precious Log:
 CardTable entry size: 512
 Card Set container configuration: InlinePtr #cards 5 size 8 Array Of Cards #cards 12 size 40 Howl #buckets 4 coarsen threshold 1843 Howl Bitmap #cards 512 size 80 coarsen threshold 460 Card regions per heap region 1 cards per card region 2048

Heap:
 garbage-first heap   total 0K, used 0K [0x00000000c3200000, 0x0000000100000000)
  region size 1024K, 0 young (0K), 0 survivors (0K)
 Metaspace       used 0K, committed 0K, reserved 0K
  class space    used 0K, committed 0K, reserved 0K

Heap Regions: E=young(eden), S=young(survivor), O=old, HS=humongous(starts), HC=humongous(continues), CS=collection set, F=free, TAMS=top-at-mark-start, PB=parsable bottom

Card table byte_map: [0x000002147f8f0000,0x000002147fae0000] _byte_map_base: 0x000002147f2d7000

Marking Bits: (CMBitMap*) 0x000002147f126310
 Bits: [0x0000021412080000, 0x0000021412fb8000)

GC Heap History (0 events):
No events

Dll operation events (1 events):
Event: 0.058 Loaded shared library C:\Program Files\Android\Android Studio\jbr\bin\java.dll

Deoptimization events (0 events):
No events

Classes loaded (0 events):
No events

Classes unloaded (0 events):
No events

Classes redefined (0 events):
No events

Internal exceptions (0 events):
No events

ZGC Phase Switch (0 events):
No events

VM Operations (0 events):
No events

Events (0 events):
No events


Dynamic libraries:
0x00007ff6a6d90000 - 0x00007ff6a6d9a000 	C:\Program Files\Android\Android Studio\jbr\bin\java.exe
0x00007fff21f30000 - 0x00007fff22147000 	C:\WINDOWS\SYSTEM32\ntdll.dll
0x00007ffedc780000 - 0x00007ffedc79a000 	C:\Program Files\Avast Software\Avast\aswhook.dll
0x00007fff20f70000 - 0x00007fff21034000 	C:\WINDOWS\System32\KERNEL32.DLL
0x00007fff1f8a0000 - 0x00007fff1fc57000 	C:\WINDOWS\System32\KERNELBASE.dll
0x00007fff1f750000 - 0x00007fff1f861000 	C:\WINDOWS\System32\ucrtbase.dll
0x00007ffecd500000 - 0x00007ffecd51b000 	C:\Program Files\Android\Android Studio\jbr\bin\VCRUNTIME140.dll
0x00007ffee8040000 - 0x00007ffee8058000 	C:\Program Files\Android\Android Studio\jbr\bin\jli.dll
0x00007fff21d40000 - 0x00007fff21eef000 	C:\WINDOWS\System32\USER32.dll
0x00007fff1f400000 - 0x00007fff1f426000 	C:\WINDOWS\System32\win32u.dll
0x00007fff1fd60000 - 0x00007fff1fd89000 	C:\WINDOWS\System32\GDI32.dll
0x00007fff1f2e0000 - 0x00007fff1f3f8000 	C:\WINDOWS\System32\gdi32full.dll
0x00007fff1f240000 - 0x00007fff1f2da000 	C:\WINDOWS\System32\msvcp_win.dll
0x00007ffefb140000 - 0x00007ffefb3d3000 	C:\WINDOWS\WinSxS\amd64_microsoft.windows.common-controls_6595b64144ccf1df_6.0.22621.3672_none_2713b9d173822955\COMCTL32.dll
0x00007fff20850000 - 0x00007fff208f7000 	C:\WINDOWS\System32\msvcrt.dll
0x00007fff21130000 - 0x00007fff21161000 	C:\WINDOWS\System32\IMM32.DLL
0x00007ffef2950000 - 0x00007ffef295c000 	C:\Program Files\Android\Android Studio\jbr\bin\vcruntime140_1.dll
0x00007ffee7fb0000 - 0x00007ffee803d000 	C:\Program Files\Android\Android Studio\jbr\bin\msvcp140.dll
0x00007ffe9dd60000 - 0x00007ffe9e9dd000 	C:\Program Files\Android\Android Studio\jbr\bin\server\jvm.dll
0x00007fff20790000 - 0x00007fff20842000 	C:\WINDOWS\System32\ADVAPI32.dll
0x00007fff20ec0000 - 0x00007fff20f68000 	C:\WINDOWS\System32\sechost.dll
0x00007fff1f870000 - 0x00007fff1f898000 	C:\WINDOWS\System32\bcrypt.dll
0x00007fff211f0000 - 0x00007fff21304000 	C:\WINDOWS\System32\RPCRT4.dll
0x00007fff20710000 - 0x00007fff20781000 	C:\WINDOWS\System32\WS2_32.dll
0x00007fff1e0b0000 - 0x00007fff1e0fd000 	C:\WINDOWS\SYSTEM32\POWRPROF.dll
0x00007fff16070000 - 0x00007fff160a4000 	C:\WINDOWS\SYSTEM32\WINMM.dll
0x00007fff14630000 - 0x00007fff1463a000 	C:\WINDOWS\SYSTEM32\VERSION.dll
0x00007fff1e090000 - 0x00007fff1e0a3000 	C:\WINDOWS\SYSTEM32\UMPDC.dll
0x00007fff1e340000 - 0x00007fff1e358000 	C:\WINDOWS\SYSTEM32\kernel.appcore.dll
0x00007ffeedcf0000 - 0x00007ffeedcfa000 	C:\Program Files\Android\Android Studio\jbr\bin\jimage.dll
0x00007fff19060000 - 0x00007fff19292000 	C:\WINDOWS\SYSTEM32\DBGHELP.DLL
0x00007fff20b20000 - 0x00007fff20eae000 	C:\WINDOWS\System32\combase.dll
0x00007fff20210000 - 0x00007fff202e7000 	C:\WINDOWS\System32\OLEAUT32.dll
0x00007fff16010000 - 0x00007fff16042000 	C:\WINDOWS\SYSTEM32\dbgcore.DLL
0x00007fff1f6d0000 - 0x00007fff1f74b000 	C:\WINDOWS\System32\bcryptPrimitives.dll
0x00007ffe9d870000 - 0x00007ffe9d88f000 	C:\Program Files\Android\Android Studio\jbr\bin\java.dll

dbghelp: loaded successfully - version: 4.0.5 - missing functions: none
symbol engine: initialized successfully - sym options: 0x614 - pdb path: .;C:\Program Files\Android\Android Studio\jbr\bin;C:\WINDOWS\SYSTEM32;C:\Program Files\Avast Software\Avast;C:\WINDOWS\WinSxS\amd64_microsoft.windows.common-controls_6595b64144ccf1df_6.0.22621.3672_none_2713b9d173822955;C:\Program Files\Android\Android Studio\jbr\bin\server

VM Arguments:
java_command: org.jetbrains.kotlin.cli.jvm.K2JVMCompiler @C:\Users\vikas Shinde\AndroidStudioProjects\Milestone\app\build\20241024_6627343603334978963.compiler.options
java_class_path (initial): C:\Users\vikas Shinde\.gradle\caches\modules-2\files-2.1\org.jetbrains.kotlin\kotlin-compiler-embeddable\2.0.0\1de310de3446414381282ffc46c3ed3919a4d1da\kotlin-compiler-embeddable-2.0.0.jar;C:\Users\vikas Shinde\.gradle\caches\modules-2\files-2.1\org.jetbrains.kotlin\kotlin-stdlib\2.0.0\b48df2c4aede9586cc931ead433bc02d6fd7879e\kotlin-stdlib-2.0.0.jar;C:\Users\vikas Shinde\.gradle\caches\modules-2\files-2.1\org.jetbrains.kotlin\kotlin-script-runtime\2.0.0\fdc27dd047d592fa41d2dfa21e7621287a361612\kotlin-script-runtime-2.0.0.jar;C:\Users\vikas Shinde\.gradle\caches\modules-2\files-2.1\org.jetbrains.kotlin\kotlin-reflect\1.6.10\1cbe9c92c12a94eea200d23c2bbaedaf3daf5132\kotlin-reflect-1.6.10.jar;C:\Users\vikas Shinde\.gradle\caches\modules-2\files-2.1\org.jetbrains.kotlin\kotlin-daemon-embeddable\2.0.0\b39c612768614c4428c96ee9c65477181fffe9d\kotlin-daemon-embeddable-2.0.0.jar;C:\Users\vikas Shinde\.gradle\caches\modules-2\files-2.1\org.jetbrains.intellij.deps\trove4j\1.0.20200330\3afb14d5f9ceb459d724e907a21145e8ff394f02\trove4j-1.0.20200330.jar;C:\Users\vikas Shinde\.gradle\caches\modules-2\files-2.1\org.jetbrains\annotations\13.0\919f0dfe192fb4e063e7dacadee7f8bb9a2672a9\annotations-13.0.jar
Launcher Type: SUN_STANDARD

[Global flags]
     intx CICompilerCount                          = 4                                         {product} {ergonomic}
     uint ConcGCThreads                            = 3                                         {product} {ergonomic}
     uint G1ConcRefinementThreads                  = 10                                        {product} {ergonomic}
   size_t G1HeapRegionSize                         = 1048576                                   {product} {ergonomic}
    uintx GCDrainStackTargetSize                   = 64                                        {product} {ergonomic}
   size_t InitialHeapSize                          = 65011712                                  {product} {ergonomic}
   size_t MarkStackSize                            = 4194304                                   {product} {ergonomic}
   size_t MaxHeapSize                              = 1021313024                                {product} {ergonomic}
   size_t MinHeapDeltaBytes                        = 1048576                                   {product} {ergonomic}
   size_t MinHeapSize                              = 8388608                                   {product} {ergonomic}
    uintx NonNMethodCodeHeapSize                   = 5839372                                {pd product} {ergonomic}
    uintx NonProfiledCodeHeapSize                  = 122909434                              {pd product} {ergonomic}
    uintx ProfiledCodeHeapSize                     = 122909434                              {pd product} {ergonomic}
    uintx ReservedCodeCacheSize                    = 251658240                              {pd product} {ergonomic}
     bool SegmentedCodeCache                       = true                                      {product} {ergonomic}
   size_t SoftMaxHeapSize                          = 1021313024                             {manageable} {ergonomic}
     bool UseCompressedOops                        = true                           {product lp64_product} {ergonomic}
     bool UseG1GC                                  = true                                      {product} {ergonomic}
     bool UseLargePagesIndividualAllocation        = false                                  {pd product} {ergonomic}

Logging:
Log output configuration:
 #0: stdout all=warning uptime,level,tags foldmultilines=false
 #1: stderr all=off uptime,level,tags foldmultilines=false

Environment Variables:
PATH=C:\Windows\system32;C:\Windows;C:\Windows\System32\Wbem;C:\Windows\System32\WindowsPowerShell\v1.0\;C:\Windows\System32\OpenSSH\;C:\Program Files\NVIDIA Corporation\NVIDIA NvDLISR;C:\Program Files\Git\cmd;C:\Users\vikas Shinde\AppData\Roaming\Python\Scripts;C:\Users\vikas Shinde\AppData\Local\Programs\Python\Python310\Scripts;C:\Users\vikas Shinde\AppData\Roaming\Python\Python310\Scripts;C:\Users\vikas Shinde\AppData\Local\Programs\Python\Python310\;C:\WINDOWS\system32;C:\WINDOWS;C:\WINDOWS\System32\Wbem;C:\WINDOWS\System32\WindowsPowerShell\v1.0\;C:\WINDOWS\System32\OpenSSH\;C:\Program Files\Java\jdk-17\bin;C:\Users\vikas Shinde\AppData\Local\Programs\Python\Python312\;C:\Users\vikas Shinde\AppData\Local\Programs\Python\Python312\Scripts\;C:\Program Files\MySQL\MySQL Shell 8.0\bin\;C:\Program Files\anaconda\condabin;C:\Program Files\Git\usr\bin;C:\Program Files\ffmpeg\bin;C:\Users\vikas Shinde\AppData\Local\Microsoft\WindowsApps;C:\Users\vikas Shinde\AppData\Local\Programs\Microsoft VS Code\bin;C:\Program Files\Java\jdk-17\bin;
USERNAME=vikas Shinde
OS=Windows_NT
PROCESSOR_IDENTIFIER=Intel64 Family 6 Model 165 Stepping 2, GenuineIntel
TMP=C:\Users\vikas Shinde\AppData\Local\Temp
TEMP=C:\Users\vikas Shinde\AppData\Local\Temp




Periodic native trim disabled

JNI global refs:
JNI global refs: 0, weak refs: 0

JNI global refs memory usage: 0, weak refs: 0

Process memory usage:
Resident Set Size: 11240K (0% of 3983040K total physical memory with 1944K free physical memory)

OOME stack traces (most recent first):
Classloader memory used:

---------------  S Y S T E M  ---------------

OS:
 Windows 11 , 64 bit Build 22621 (10.0.22621.3958)
OS uptime: 0 days 1:03 hours
Hyper-V role detected

CPU: total 12 (initial active 12) (6 cores per cpu, 2 threads per core) family 6 model 165 stepping 2 microcode 0xfc, cx8, cmov, fxsr, ht, mmx, 3dnowpref, sse, sse2, sse3, ssse3, sse4.1, sse4.2, popcnt, lzcnt, tsc, tscinvbit, avx, avx2, aes, erms, clmul, bmi1, bmi2, adx, fma, vzeroupper, clflush, clflushopt, hv, rdtscp, f16c
Processor Information for all 12 processors :
  Max Mhz: 2592, Current Mhz: 2592, Mhz Limit: 2592

Memory: 4k page, system-wide physical 3889M (1M free)
TotalPageFile size 15665M (AvailPageFile size 33M)
current process WorkingSet (physical memory assigned to process): 11M, peak: 11M
current process commit charge ("private bytes"): 64M, peak: 126M

vm_info: OpenJDK 64-Bit Server VM (21.0.3+-12282718-b509.11) for windows-amd64 JRE (21.0.3+-12282718-b509.11), built on 2024-08-27T17:34:15Z by "builder" with MS VC++ 16.10 / 16.11 (VS2019)

END.
